\BOOKMARK [0][-]{chapter*.9}{\376\377\000L\000i\000s\000t\000\040\000o\000f\000\040\000F\000i\000g\000u\000r\000e\000s}{}% 1
\BOOKMARK [0][-]{chapter*.10}{\376\377\000L\000i\000s\000t\000\040\000o\000f\000\040\000T\000a\000b\000l\000e\000s}{}% 2
\BOOKMARK [0][-]{chapter.1}{\376\377\000I\000n\000t\000r\000o\000d\000u\000c\000t\000i\000o\000n}{}% 3
\BOOKMARK [1][-]{section.1.1}{\376\377\000C\000o\000n\000t\000a\000i\000n\000e\000r\000i\000z\000a\000t\000i\000o\000n}{chapter.1}% 4
\BOOKMARK [2][-]{subsection.1.1.1}{\376\377\000O\000v\000e\000r\000v\000i\000e\000w}{section.1.1}% 5
\BOOKMARK [2][-]{subsection.1.1.2}{\376\377\000C\000o\000n\000t\000a\000i\000n\000e\000r\000\040\000I\000m\000a\000g\000e}{section.1.1}% 6
\BOOKMARK [2][-]{subsection.1.1.3}{\376\377\000D\000o\000c\000k\000e\000r}{section.1.1}% 7
\BOOKMARK [2][-]{subsection.1.1.4}{\376\377\000C\000o\000n\000t\000a\000i\000n\000e\000r\000i\000z\000a\000t\000i\000o\000n\000\040\000v\000s\000\040\000V\000i\000r\000t\000u\000a\000l\000i\000z\000a\000t\000i\000o\000n}{section.1.1}% 8
\BOOKMARK [2][-]{subsection.1.1.5}{\376\377\000S\000e\000c\000u\000r\000i\000t\000y\000\040\000C\000o\000n\000c\000e\000p\000t\000s}{section.1.1}% 9
\BOOKMARK [1][-]{section.1.2}{\376\377\000K\000u\000b\000e\000r\000n\000e\000t\000e\000s}{chapter.1}% 10
\BOOKMARK [2][-]{subsection.1.2.1}{\376\377\000O\000v\000e\000r\000v\000i\000e\000w}{section.1.2}% 11
\BOOKMARK [2][-]{subsection.1.2.2}{\376\377\000K\000u\000b\000e\000r\000n\000e\000t\000e\000s\000\040\000A\000r\000c\000h\000i\000t\000e\000c\000t\000u\000r\000e}{section.1.2}% 12
\BOOKMARK [2][-]{subsection.1.2.3}{\376\377\000K\000u\000b\000e\000r\000n\000e\000t\000e\000s\000\040\000R\000e\000s\000o\000u\000r\000c\000e\000s}{section.1.2}% 13
\BOOKMARK [2][-]{subsection.1.2.4}{\376\377\000I\000n\000f\000r\000a\000s\000t\000r\000u\000c\000t\000u\000r\000e\000\040\000S\000e\000c\000u\000r\000i\000t\000y}{section.1.2}% 14
\BOOKMARK [2][-]{subsection.1.2.5}{\376\377\000O\000t\000h\000e\000r\000\040\000K\000u\000b\000e\000r\000n\000e\000t\000e\000s\000\040\000I\000m\000p\000l\000e\000m\000e\000n\000t\000a\000t\000i\000o\000n\000s}{section.1.2}% 15
\BOOKMARK [1][-]{section.1.3}{\376\377\000K\000u\000b\000e\000r\000n\000e\000t\000e\000s\000\040\000s\000e\000c\000u\000r\000i\000t\000y\000\040\000a\000u\000t\000o\000m\000a\000t\000i\000o\000n}{chapter.1}% 16
\BOOKMARK [2][-]{subsection.1.3.1}{\376\377\000O\000v\000e\000r\000v\000i\000e\000w}{section.1.3}% 17
\BOOKMARK [2][-]{subsection.1.3.2}{\376\377\000S\000e\000l\000e\000c\000t\000i\000o\000n\000\040\000c\000r\000i\000t\000e\000r\000i\000a}{section.1.3}% 18
\BOOKMARK [2][-]{subsection.1.3.3}{\376\377\000T\000r\000i\000v\000y}{section.1.3}% 19
\BOOKMARK [2][-]{subsection.1.3.4}{\376\377\000K\000u\000b\000e\000-\000b\000e\000n\000c\000h}{section.1.3}% 20
\BOOKMARK [2][-]{subsection.1.3.5}{\376\377\000K\000u\000b\000e\000-\000h\000u\000n\000t\000e\000r}{section.1.3}% 21
\BOOKMARK [2][-]{subsection.1.3.6}{\376\377\000K\000u\000b\000e\000s\000c\000a\000p\000e}{section.1.3}% 22
\BOOKMARK [0][-]{chapter*.31}{\376\377\000B\000i\000b\000l\000i\000o\000g\000r\000a\000p\000h\000y}{}% 23
